This file contains any messages produced by compilers while
running configure, to aid debugging if configure makes a mistake.

It was created by mush configure 0.1, which was
generated by GNU Autoconf 2.69.  Invocation command line was

  $ ./configure 

## --------- ##
## Platform. ##
## --------- ##

hostname = m-ThinkPad-X1-Carbon-7th
uname -m = x86_64
uname -r = 5.4.0-48-generic
uname -s = Linux
uname -v = #52~18.04.1-Ubuntu SMP Thu Sep 10 12:50:22 UTC 2020

/usr/bin/uname -p = unknown
/bin/uname -X     = unknown

/bin/arch              = unknown
/usr/bin/arch -k       = unknown
/usr/convex/getsysinfo = unknown
/usr/bin/hostinfo      = unknown
/bin/machine           = unknown
/usr/bin/oslevel       = unknown
/bin/universe          = unknown

PATH: /home/m/.cargo/bin
PATH: /home/m/.cargo/bin
PATH: /usr/local/sbin
PATH: /usr/local/bin
PATH: /usr/sbin
PATH: /usr/bin
PATH: /sbin
PATH: /bin
PATH: /usr/games
PATH: /usr/local/games
PATH: /snap/bin


## ----------- ##
## Core tests. ##
## ----------- ##

configure:1848: checking for a BSD-compatible install
configure:1916: result: /usr/bin/install -c
configure:1927: checking whether build environment is sane
configure:1982: result: yes
configure:2133: checking for a thread-safe mkdir -p
configure:2172: result: /bin/mkdir -p
configure:2179: checking for gawk
configure:2209: result: no
configure:2179: checking for mawk
configure:2195: found /usr/bin/mawk
configure:2206: result: mawk
configure:2217: checking whether make sets $(MAKE)
configure:2239: result: yes
configure:2268: checking whether make supports nested variables
configure:2285: result: yes
configure:2479: checking for g++
configure:2495: found /usr/bin/g++
configure:2506: result: g++
configure:2533: checking for C++ compiler version
configure:2542: g++ --version >&5
g++ (Ubuntu 7.5.0-3ubuntu1~18.04) 7.5.0
Copyright (C) 2017 Free Software Foundation, Inc.
This is free software; see the source for copying conditions.  There is NO
warranty; not even for MERCHANTABILITY or FITNESS FOR A PARTICULAR PURPOSE.

configure:2553: $? = 0
configure:2542: g++ -v >&5
Using built-in specs.
COLLECT_GCC=g++
COLLECT_LTO_WRAPPER=/usr/lib/gcc/x86_64-linux-gnu/7/lto-wrapper
OFFLOAD_TARGET_NAMES=nvptx-none
OFFLOAD_TARGET_DEFAULT=1
Target: x86_64-linux-gnu
Configured with: ../src/configure -v --with-pkgversion='Ubuntu 7.5.0-3ubuntu1~18.04' --with-bugurl=file:///usr/share/doc/gcc-7/README.Bugs --enable-languages=c,ada,c++,go,brig,d,fortran,objc,obj-c++ --prefix=/usr --with-gcc-major-version-only --program-suffix=-7 --program-prefix=x86_64-linux-gnu- --enable-shared --enable-linker-build-id --libexecdir=/usr/lib --without-included-gettext --enable-threads=posix --libdir=/usr/lib --enable-nls --enable-bootstrap --enable-clocale=gnu --enable-libstdcxx-debug --enable-libstdcxx-time=yes --with-default-libstdcxx-abi=new --enable-gnu-unique-object --disable-vtable-verify --enable-libmpx --enable-plugin --enable-default-pie --with-system-zlib --with-target-system-zlib --enable-objc-gc=auto --enable-multiarch --disable-werror --with-arch-32=i686 --with-abi=m64 --with-multilib-list=m32,m64,mx32 --enable-multilib --with-tune=generic --enable-offload-targets=nvptx-none --without-cuda-driver --enable-checking=release --build=x86_64-linux-gnu --host=x86_64-linux-gnu --target=x86_64-linux-gnu
Thread model: posix
gcc version 7.5.0 (Ubuntu 7.5.0-3ubuntu1~18.04) 
configure:2553: $? = 0
configure:2542: g++ -V >&5
g++: error: unrecognized command line option '-V'
g++: fatal error: no input files
compilation terminated.
configure:2553: $? = 1
configure:2542: g++ -qversion >&5
g++: error: unrecognized command line option '-qversion'; did you mean '--version'?
g++: fatal error: no input files
compilation terminated.
configure:2553: $? = 1
configure:2573: checking whether the C++ compiler works
configure:2595: g++    conftest.cpp  >&5
configure:2599: $? = 0
configure:2647: result: yes
configure:2650: checking for C++ compiler default output file name
configure:2652: result: a.out
configure:2658: checking for suffix of executables
configure:2665: g++ -o conftest    conftest.cpp  >&5
configure:2669: $? = 0
configure:2691: result: 
configure:2713: checking whether we are cross compiling
configure:2721: g++ -o conftest    conftest.cpp  >&5
configure:2725: $? = 0
configure:2732: ./conftest
configure:2736: $? = 0
configure:2751: result: no
configure:2756: checking for suffix of object files
configure:2778: g++ -c   conftest.cpp >&5
configure:2782: $? = 0
configure:2803: result: o
configure:2807: checking whether we are using the GNU C++ compiler
configure:2826: g++ -c   conftest.cpp >&5
configure:2826: $? = 0
configure:2835: result: yes
configure:2844: checking whether g++ accepts -g
configure:2864: g++ -c -g  conftest.cpp >&5
configure:2864: $? = 0
configure:2905: result: yes
configure:2939: checking for style of include used by make
configure:2967: result: GNU
configure:2993: checking dependency style of g++
configure:3104: result: gcc3
configure:3162: checking for ranlib
configure:3178: found /usr/bin/ranlib
configure:3189: result: ranlib
configure:3213: checking for clang-format
configure:3231: found /usr/bin/clang-format
configure:3243: result: /usr/bin/clang-format
configure:3388: checking that generated files are newer than configure
configure:3394: result: done
configure:3417: creating ./config.status

## ---------------------- ##
## Running config.status. ##
## ---------------------- ##

This file was extended by mush config.status 0.1, which was
generated by GNU Autoconf 2.69.  Invocation command line was

  CONFIG_FILES    = 
  CONFIG_HEADERS  = 
  CONFIG_LINKS    = 
  CONFIG_COMMANDS = 
  $ ./config.status 

on m-ThinkPad-X1-Carbon-7th

config.status:846: creating Makefile
config.status:846: creating src/Makefile
config.status:846: creating src/util/Makefile
config.status:846: creating config.h
config.status:1027: config.h is unchanged
config.status:1075: executing depfiles commands

## ---------------- ##
## Cache variables. ##
## ---------------- ##

ac_cv_cxx_compiler_gnu=yes
ac_cv_env_CCC_set=
ac_cv_env_CCC_value=
ac_cv_env_CPPFLAGS_set=
ac_cv_env_CPPFLAGS_value=
ac_cv_env_CXXFLAGS_set=
ac_cv_env_CXXFLAGS_value=
ac_cv_env_CXX_set=
ac_cv_env_CXX_value=
ac_cv_env_LDFLAGS_set=
ac_cv_env_LDFLAGS_value=
ac_cv_env_LIBS_set=
ac_cv_env_LIBS_value=
ac_cv_env_build_alias_set=
ac_cv_env_build_alias_value=
ac_cv_env_host_alias_set=
ac_cv_env_host_alias_value=
ac_cv_env_target_alias_set=
ac_cv_env_target_alias_value=
ac_cv_objext=o
ac_cv_path_CLANG_FORMAT=/usr/bin/clang-format
ac_cv_path_install='/usr/bin/install -c'
ac_cv_path_mkdir=/bin/mkdir
ac_cv_prog_AWK=mawk
ac_cv_prog_ac_ct_CXX=g++
ac_cv_prog_ac_ct_RANLIB=ranlib
ac_cv_prog_cxx_g=yes
ac_cv_prog_make_make_set=yes
am_cv_CXX_dependencies_compiler_type=gcc3
am_cv_make_support_nested_variables=yes

## ----------------- ##
## Output variables. ##
## ----------------- ##

ACLOCAL='${SHELL} /home/m/audio/src/internetStatistics/missing aclocal-1.15'
AMDEPBACKSLASH='\'
AMDEP_FALSE='#'
AMDEP_TRUE=''
AMTAR='$${TAR-tar}'
AM_BACKSLASH='\'
AM_DEFAULT_V='$(AM_DEFAULT_VERBOSITY)'
AM_DEFAULT_VERBOSITY='1'
AM_V='$(V)'
AUTOCONF='${SHELL} /home/m/audio/src/internetStatistics/missing autoconf'
AUTOHEADER='${SHELL} /home/m/audio/src/internetStatistics/missing autoheader'
AUTOMAKE='${SHELL} /home/m/audio/src/internetStatistics/missing automake-1.15'
AWK='mawk'
CLANG_FORMAT='/usr/bin/clang-format'
CPPFLAGS=''
CXX17_FLAGS='-std=c++17 -pthread'
CXX='g++'
CXXDEPMODE='depmode=gcc3'
CXXFLAGS='-g -O2'
CYGPATH_W='echo'
DEFS='-DHAVE_CONFIG_H'
DEPDIR='.deps'
ECHO_C=''
ECHO_N='-n'
ECHO_T=''
EXEEXT=''
INSTALL_DATA='${INSTALL} -m 644'
INSTALL_PROGRAM='${INSTALL}'
INSTALL_SCRIPT='${INSTALL}'
INSTALL_STRIP_PROGRAM='$(install_sh) -c -s'
LDFLAGS=''
LIBOBJS=''
LIBS=''
LTLIBOBJS=''
MAKEINFO='${SHELL} /home/m/audio/src/internetStatistics/missing makeinfo'
MKDIR_P='/bin/mkdir -p'
OBJEXT='o'
PACKAGE='mush'
PACKAGE_BUGREPORT='keithw@cs.stanford.edu'
PACKAGE_NAME='mush'
PACKAGE_STRING='mush 0.1'
PACKAGE_TARNAME='mush'
PACKAGE_URL=''
PACKAGE_VERSION='0.1'
PATH_SEPARATOR=':'
PICKY_CXXFLAGS='-Wpedantic -Wall -Wextra -Weffc++ -Werror'
RANLIB='ranlib'
SET_MAKE=''
SHELL='/bin/bash'
STRIP=''
VERSION='0.1'
ac_ct_CXX='g++'
am__EXEEXT_FALSE=''
am__EXEEXT_TRUE='#'
am__fastdepCXX_FALSE='#'
am__fastdepCXX_TRUE=''
am__include='include'
am__isrc=''
am__leading_dot='.'
am__nodep='_no'
am__quote=''
am__tar='$${TAR-tar} chof - "$$tardir"'
am__untar='$${TAR-tar} xf -'
bindir='${exec_prefix}/bin'
build_alias=''
datadir='${datarootdir}'
datarootdir='${prefix}/share'
docdir='${datarootdir}/doc/${PACKAGE_TARNAME}'
dvidir='${docdir}'
exec_prefix='${prefix}'
host_alias=''
htmldir='${docdir}'
includedir='${prefix}/include'
infodir='${datarootdir}/info'
install_sh='${SHELL} /home/m/audio/src/internetStatistics/install-sh'
libdir='${exec_prefix}/lib'
libexecdir='${exec_prefix}/libexec'
localedir='${datarootdir}/locale'
localstatedir='${prefix}/var'
mandir='${datarootdir}/man'
mkdir_p='$(MKDIR_P)'
oldincludedir='/usr/include'
pdfdir='${docdir}'
prefix='/usr/local'
program_transform_name='s,x,x,'
psdir='${docdir}'
runstatedir='${localstatedir}/run'
sbindir='${exec_prefix}/sbin'
sharedstatedir='${prefix}/com'
sysconfdir='${prefix}/etc'
target_alias=''

## ----------- ##
## confdefs.h. ##
## ----------- ##

/* confdefs.h */
#define PACKAGE_NAME "mush"
#define PACKAGE_TARNAME "mush"
#define PACKAGE_VERSION "0.1"
#define PACKAGE_STRING "mush 0.1"
#define PACKAGE_BUGREPORT "keithw@cs.stanford.edu"
#define PACKAGE_URL ""
#define PACKAGE "mush"
#define VERSION "0.1"

configure: exit 0
